0 info it worked if it ends with ok
1 verbose cli [ '/home/mateus/.nvm/versions/node/v6.11.0/bin/node',
1 verbose cli   '/home/mateus/.nvm/versions/node/v6.11.0/bin/npm',
1 verbose cli   'start' ]
2 info using npm@3.10.10
3 info using node@v6.11.0
4 verbose run-script [ 'prestart', 'start', 'poststart' ]
5 info lifecycle tess@0.0.1~prestart: tess@0.0.1
6 silly lifecycle tess@0.0.1~prestart: no script for prestart, continuing
7 info lifecycle tess@0.0.1~start: tess@0.0.1
8 verbose lifecycle tess@0.0.1~start: unsafe-perm in lifecycle true
9 verbose lifecycle tess@0.0.1~start: PATH: /home/mateus/.nvm/versions/node/v6.11.0/lib/node_modules/npm/bin/node-gyp-bin:/home/mateus/workspace/mateusbs17/tess/node_modules/.bin:/home/mateus/.nvm/versions/node/v6.11.0/bin:/home/mateus/.npm-global/bin:~/.npm-global/bin:/usr/local/bin:/usr/bin:/bin:/usr/local/games:/usr/games:/opt/puppetlabs/bin
10 verbose lifecycle tess@0.0.1~start: CWD: /home/mateus/workspace/mateusbs17/tess
11 silly lifecycle tess@0.0.1~start: Args: [ '-c', 'node index.js' ]
12 silly lifecycle tess@0.0.1~start: Returned: code: 1  signal: null
13 info lifecycle tess@0.0.1~start: Failed to exec start script
14 verbose stack Error: tess@0.0.1 start: `node index.js`
14 verbose stack Exit status 1
14 verbose stack     at EventEmitter.<anonymous> (/home/mateus/.nvm/versions/node/v6.11.0/lib/node_modules/npm/lib/utils/lifecycle.js:255:16)
14 verbose stack     at emitTwo (events.js:106:13)
14 verbose stack     at EventEmitter.emit (events.js:191:7)
14 verbose stack     at ChildProcess.<anonymous> (/home/mateus/.nvm/versions/node/v6.11.0/lib/node_modules/npm/lib/utils/spawn.js:40:14)
14 verbose stack     at emitTwo (events.js:106:13)
14 verbose stack     at ChildProcess.emit (events.js:191:7)
14 verbose stack     at maybeClose (internal/child_process.js:891:16)
14 verbose stack     at Process.ChildProcess._handle.onexit (internal/child_process.js:226:5)
15 verbose pkgid tess@0.0.1
16 verbose cwd /home/mateus/workspace/mateusbs17/tess
17 error Linux 4.9.0-8-amd64
18 error argv "/home/mateus/.nvm/versions/node/v6.11.0/bin/node" "/home/mateus/.nvm/versions/node/v6.11.0/bin/npm" "start"
19 error node v6.11.0
20 error npm  v3.10.10
21 error code ELIFECYCLE
22 error tess@0.0.1 start: `node index.js`
22 error Exit status 1
23 error Failed at the tess@0.0.1 start script 'node index.js'.
23 error Make sure you have the latest version of node.js and npm installed.
23 error If you do, this is most likely a problem with the tess package,
23 error not with npm itself.
23 error Tell the author that this fails on your system:
23 error     node index.js
23 error You can get information on how to open an issue for this project with:
23 error     npm bugs tess
23 error Or if that isn't available, you can get their info via:
23 error     npm owner ls tess
23 error There is likely additional logging output above.
24 verbose exit [ 1, true ]
